<?xml version="1.0" encoding="UTF-8"?>
<testng-results ignored="0" total="1" passed="1" failed="0" skipped="0">
  <reporter-output>
  </reporter-output>
  <suite started-at="2021-12-07T21:52:16 IST" name="Suite" finished-at="2021-12-07T21:52:16 IST" duration-ms="65">
    <groups>
    </groups>
    <test started-at="2021-12-07T21:52:16 IST" name="Test" finished-at="2021-12-07T21:52:16 IST" duration-ms="65">
      <class name="azuredev.DevopsTest">
        <test-method signature="test()[pri:0, instance:azuredev.DevopsTest@2e55dd0c]" started-at="2021-12-07T21:52:16 IST" name="test" finished-at="2021-12-07T21:52:16 IST" duration-ms="9" status="PASS">
          <reporter-output>
          </reporter-output>
        </test-method> <!-- test -->
      </class> <!-- azuredev.DevopsTest -->
    </test> <!-- Test -->
  </suite> <!-- Suite -->
</testng-results>
